<?xml version="1.0" encoding="UTF-8"?>
<!-- Generated by org.testng.reporters.JUnitReportReporter -->
<testsuite hostname="doaitran-pc" name="com.auvenir.ui.bdd.runner.TestRunner" tests="2" failures="0" timestamp="23 Aug 2017 09:46:37 GMT" time="20.262" errors="0">
  <testcase name="feature" time="10.686" classname="com.auvenir.ui.bdd.runner.TestRunner"/>
  <testcase name="feature" time="9.576" classname="com.auvenir.ui.bdd.runner.TestRunner"/>
</testsuite> <!-- com.auvenir.ui.bdd.runner.TestRunner -->
